<?xml version="1.0" encoding="UTF-8"?>
<!-- Generated by org.testng.reporters.JUnitReportReporter -->
<testsuite hostname="LTIN522494" failures="0" tests="10" name="AutomationTesting.Main" time="27.493" errors="0" timestamp="2025-01-18T10:51:18 IST" skipped="0">
  <testcase classname="AutomationTesting.Main" name="clickSearchTextfield" time="5.502"/>
  <system-out/>
  <testcase classname="AutomationTesting.Main" name="clickSearchButton" time="3.333"/>
  <system-out/>
  <testcase classname="AutomationTesting.Main" name="clickSearchResult" time="4.944"/>
  <system-out/>
  <testcase classname="AutomationTesting.Main" name="clickBookOption" time="3.602"/>
  <system-out/>
  <testcase classname="AutomationTesting.Main" name="clickCruiseDates" time="0.185"/>
  <system-out/>
  <testcase classname="AutomationTesting.Main" name="clickMonths" time="4.528"/>
  <system-out/>
  <testcase classname="AutomationTesting.Main" name="clickDeparturePort" time="1.780"/>
  <system-out/>
  <testcase classname="AutomationTesting.Main" name="clickDestinations" time="1.651"/>
  <system-out/>
  <testcase classname="AutomationTesting.Main" name="clickNoOfNights" time="1.489"/>
  <system-out/>
  <testcase classname="AutomationTesting.Main" name="clickSortBy" time="0.479"/>
  <system-out/>
</testsuite> <!-- AutomationTesting.Main -->
